 2025-05-08 18:05:23 [INFO] Init Time: 374.377 ms
 2025-05-08 18:05:23 [INFO] Welcome to Nenyoo
 2025-05-08 18:05:23 [INFO] Initializing
 2025-05-08 18:05:23 [INFO] UI Settings Loaded.
 2025-05-08 18:05:23 [INFO] Settings Loaded.
 2025-05-08 18:05:23 [INFO] Teleports Loaded.
 2025-05-08 18:05:23 [INFO] Animations Loaded.
 2025-05-08 18:05:24 [INFO] Hud Colors Loaded.
 2025-05-08 18:05:24 [INFO] Easy Anti Cheat Patches Applied 12/12.
 2025-05-08 18:05:24 [INFO] Using DX12, clear shader cache if you're having issues.
 2025-05-08 18:05:24 [INFO] DirectX 12 renderer is initializing...
 2025-05-08 18:05:24 [INFO] Loading texture: C:\N3NYOOO\ui\header\header.png
 2025-05-08 18:05:24 [INFO] Loading texture: C:\N3NYOOO\ui\scroller\Options.png
 2025-05-08 18:05:24 [INFO] Loading texture: C:\N3NYOOO\ui\scroller\Selected.png
 2025-05-08 18:05:24 [INFO] Loading texture: C:\N3NYOOO\ui\scroller\Footer.png
 2025-05-08 18:05:24 [INFO] Loading texture: C:\N3NYOOO\ui\icons\ToggleOn.png
 2025-05-08 18:05:24 [INFO] Loading texture: C:\N3NYOOO\ui\icons\ToggleOff.png
 2025-05-08 18:05:24 [INFO] Loading texture: C:\N3NYOOO\ui\icons\Arrows.png
 2025-05-08 18:05:24 [INFO] Loading texture: C:\N3NYOOO\ui\icons\Locked.png
 2025-05-08 18:05:24 [INFO] Loading texture: C:\N3NYOOO\Speedometer\speedometer.png
 2025-05-08 18:05:24 [INFO] Loading texture: C:\N3NYOOO\Speedometer\needle.png
 2025-05-08 18:05:24 [INFO] DirectX 12 renderer has finished initializing.
 2025-05-08 18:05:24 [INFO] Pointers initialized.
 2025-05-08 18:05:24 [INFO] Downloading modder DLC...
 2025-05-08 18:05:24 [INFO] Coding NPC conversations about tacos...
 2025-05-08 18:05:24 [INFO] Adding sharks to make you paranoid..
 2025-05-08 18:05:24 [INFO] Byte Patcher.
 2025-05-08 18:05:24 [SPAM] Retard Alert: Waiting For Game To Load!
(19465636x)
 2025-05-08 18:05:52 [INFO] Renderer initialized.
 2025-05-08 18:05:52 [INFO] Ui initialized.
 2025-05-08 18:05:52 [INFO] Fiber pool initialized.
 2025-05-08 18:05:52 [SUCCESS] Hooking: hook_swap_chain_present
 2025-05-08 18:05:52 [SUCCESS] Hooking: hook_resize_buffers
 2025-05-08 18:05:52 [SUCCESS] Hooking: run_script_threads
 2025-05-08 18:05:52 [SUCCESS] Hooking: queue_dependency
 2025-05-08 18:05:52 [SUCCESS] Hooking: HttpStartRequest
 2025-05-08 18:05:52 [SUCCESS] Hooking: prepare_metric_for_sending
 2025-05-08 18:05:52 [SUCCESS] Hooking: receiveNetMessage
 2025-05-08 18:05:52 [SUCCESS] Hooking: jump_constructor
 2025-05-08 18:05:52 [SUCCESS] Hooking: updateTimeCycle
 2025-05-08 18:05:52 [SUCCESS] Hooking: adjustColorCones
 2025-05-08 18:05:52 [SUCCESS] Hooking: adjustColorLight
 2025-05-08 18:05:52 [INFO] Hooking initialized.
 2025-05-08 18:05:52 [INFO] Native Hooks initialized.
 2025-05-08 18:05:52 [INFO] Script Patcher initialized.
 2025-05-08 18:05:52 [INFO] Scripts registered.
 2025-05-08 18:05:52 [INFO] Hooking enabled.
 2025-05-08 18:05:52 [INFO] Objects.ini loaded.
 2025-05-08 18:05:52 [INFO] Peds.ini loaded.
 2025-05-08 18:05:52 [INFO] Vehicles.ini loaded.
 2025-05-08 18:05:52 [INFO] Vehicle_class.ini loaded.
 2025-05-08 18:05:52 [INFO] Objects_Fav.ini loaded.
 2025-05-08 18:05:52 [INFO] Loaded Ui Settings.json
 2025-05-08 18:05:52 [INFO] Loaded Settings.bin
 2025-05-08 18:05:52 [INFO] Loaded Self.bin
 2025-05-08 18:05:52 [INFO] Loaded MyCar.bin
 2025-05-08 18:05:52 [INFO] Loaded Gennetwork.bin
 2025-05-08 18:05:52 [INFO] Loaded Weapons.bin
 2025-05-08 18:05:52 [INFO] Loaded Misc.bin
 2025-05-08 18:05:52 [INFO] Loaded Spooner.bin
